//------------------------------------------------------------------------------
//--  Generated by TunerStudio 
//--  Date: 12-8-2022
//--  Time: 16:18
//--  This file merely records what was sent to your Controller,        
//--  and may be deleted at any time.                                                    
//--  Selected type: Air Temperature Sensor 
//------------------------------------------------------------------------------

//-- generated using refTable Generator:thermGenerator
//-- Table Identifier:001//--    Generated by ThermTableGenerator using user input values. 
//--    Bias Resistor value: 2490.0 Ohms
//--    Temperature1: -40.0(C), 	Resistance 1: 45313 Ohms 
//--    Temperature2: 30(C), 	Resistance 2: 1707 Ohms 
//--    Temperature3: 100(C), 	Resistance 3: 187 Ohms 
//-- 

//----------------------------------------------------------//
ADC 	Value 	MSVal 	volts
0	70.00	700 	0.000
1	70.00	700 	0.005
2	70.00	700 	0.010
3	70.00	700 	0.015
4	70.00	700 	0.020
5	70.00	700 	0.024
6	70.00	700 	0.029
7	70.00	700 	0.034
8	70.00	700 	0.039
9	70.00	700 	0.044
10	70.00	700 	0.049
11	70.00	700 	0.054
12	70.00	700 	0.059
13	70.00	700 	0.063
14	349.02	3490 	0.068
15	342.33	3423 	0.073
16	336.16	3362 	0.078
17	330.43	3304 	0.083
18	325.10	3251 	0.088
19	320.12	3201 	0.093
20	315.44	3154 	0.098
21	311.03	3110 	0.103
22	306.86	3069 	0.107
23	302.92	3029 	0.112
24	299.18	2992 	0.117
25	295.61	2956 	0.122
26	292.21	2922 	0.127
27	288.97	2890 	0.132
28	285.86	2859 	0.137
29	282.88	2829 	0.142
30	280.03	2800 	0.146
31	277.28	2773 	0.151
32	274.63	2746 	0.156
33	272.08	2721 	0.161
34	269.62	2696 	0.166
35	267.24	2672 	0.171
36	264.94	2649 	0.176
37	262.72	2627 	0.181
38	260.56	2606 	0.186
39	258.47	2585 	0.190
40	256.44	2564 	0.195
41	254.47	2545 	0.200
42	252.55	2526 	0.205
43	250.69	2507 	0.210
44	248.87	2489 	0.215
45	247.10	2471 	0.220
46	245.38	2454 	0.225
47	243.70	2437 	0.229
48	242.06	2421 	0.234
49	240.46	2405 	0.239
50	238.90	2389 	0.244
51	237.37	2374 	0.249
52	235.88	2359 	0.254
53	234.42	2344 	0.259
54	232.99	2330 	0.264
55	231.59	2316 	0.269
56	230.22	2302 	0.273
57	228.88	2289 	0.278
58	227.56	2276 	0.283
59	226.27	2263 	0.288
60	225.00	2250 	0.293
61	223.76	2238 	0.298
62	222.54	2225 	0.303
63	221.34	2213 	0.308
64	220.17	2202 	0.313
65	219.01	2190 	0.317
66	217.88	2179 	0.322
67	216.76	2168 	0.327
68	215.66	2157 	0.332
69	214.58	2146 	0.337
70	213.52	2135 	0.342
71	212.48	2125 	0.347
72	211.45	2114 	0.352
73	210.43	2104 	0.356
74	209.44	2094 	0.361
75	208.45	2085 	0.366
76	207.49	2075 	0.371
77	206.53	2065 	0.376
78	205.59	2056 	0.381
79	204.67	2047 	0.386
80	203.75	2038 	0.391
81	202.85	2029 	0.396
82	201.96	2020 	0.400
83	201.09	2011 	0.405
84	200.22	2002 	0.410
85	199.37	1994 	0.415
86	198.52	1985 	0.420
87	197.69	1977 	0.425
88	196.87	1969 	0.430
89	196.06	1961 	0.435
90	195.26	1953 	0.439
91	194.47	1945 	0.444
92	193.68	1937 	0.449
93	192.91	1929 	0.454
94	192.15	1921 	0.459
95	191.39	1914 	0.464
96	190.65	1906 	0.469
97	189.91	1899 	0.474
98	189.18	1892 	0.479
99	188.46	1885 	0.483
100	187.74	1877 	0.488
101	187.04	1870 	0.493
102	186.34	1863 	0.498
103	185.65	1856 	0.503
104	184.96	1850 	0.508
105	184.29	1843 	0.513
106	183.62	1836 	0.518
107	182.95	1830 	0.522
108	182.30	1823 	0.527
109	181.65	1816 	0.532
110	181.00	1810 	0.537
111	180.37	1804 	0.542
112	179.74	1797 	0.547
113	179.11	1791 	0.552
114	178.49	1785 	0.557
115	177.88	1779 	0.562
116	177.27	1773 	0.566
117	176.67	1767 	0.571
118	176.07	1761 	0.576
119	175.48	1755 	0.581
120	174.89	1749 	0.586
121	174.31	1743 	0.591
122	173.74	1737 	0.596
123	173.17	1732 	0.601
124	172.60	1726 	0.605
125	172.04	1720 	0.610
126	171.48	1715 	0.615
127	170.93	1709 	0.620
128	170.38	1704 	0.625
129	169.84	1698 	0.630
130	169.30	1693 	0.635
131	168.77	1688 	0.640
132	168.24	1682 	0.645
133	167.71	1677 	0.649
134	167.19	1672 	0.654
135	166.68	1667 	0.659
136	166.16	1662 	0.664
137	165.65	1657 	0.669
138	165.15	1651 	0.674
139	164.65	1646 	0.679
140	164.15	1641 	0.684
141	163.65	1637 	0.688
142	163.16	1632 	0.693
143	162.68	1627 	0.698
144	162.19	1622 	0.703
145	161.71	1617 	0.708
146	161.24	1612 	0.713
147	160.76	1608 	0.718
148	160.29	1603 	0.723
149	159.82	1598 	0.728
150	159.36	1594 	0.732
151	158.90	1589 	0.737
152	158.44	1584 	0.742
153	157.99	1580 	0.747
154	157.54	1575 	0.752
155	157.09	1571 	0.757
156	156.64	1566 	0.762
157	156.20	1562 	0.767
158	155.76	1558 	0.771
159	155.33	1553 	0.776
160	154.89	1549 	0.781
161	154.46	1545 	0.786
162	154.03	1540 	0.791
163	153.61	1536 	0.796
164	153.18	1532 	0.801
165	152.76	1528 	0.806
166	152.34	1523 	0.811
167	151.93	1519 	0.815
168	151.51	1515 	0.820
169	151.10	1511 	0.825
170	150.70	1507 	0.830
171	150.29	1503 	0.835
172	149.89	1499 	0.840
173	149.48	1495 	0.845
174	149.09	1491 	0.850
175	148.69	1487 	0.854
176	148.30	1483 	0.859
177	147.90	1479 	0.864
178	147.51	1475 	0.869
179	147.13	1471 	0.874
180	146.74	1467 	0.879
181	146.36	1464 	0.884
182	145.97	1460 	0.889
183	145.60	1456 	0.894
184	145.22	1452 	0.898
185	144.84	1448 	0.903
186	144.47	1445 	0.908
187	144.10	1441 	0.913
188	143.73	1437 	0.918
189	143.36	1434 	0.923
190	143.00	1430 	0.928
191	142.63	1426 	0.933
192	142.27	1423 	0.938
193	141.91	1419 	0.942
194	141.55	1416 	0.947
195	141.19	1412 	0.952
196	140.84	1408 	0.957
197	140.49	1405 	0.962
198	140.14	1401 	0.967
199	139.79	1398 	0.972
200	139.44	1394 	0.977
201	139.09	1391 	0.981
202	138.75	1387 	0.986
203	138.40	1384 	0.991
204	138.06	1381 	0.996
205	137.72	1377 	1.001
206	137.38	1374 	1.006
207	137.05	1370 	1.011
208	136.71	1367 	1.016
209	136.38	1364 	1.021
210	136.05	1360 	1.025
211	135.72	1357 	1.030
212	135.39	1354 	1.035
213	135.06	1351 	1.040
214	134.73	1347 	1.045
215	134.41	1344 	1.050
216	134.09	1341 	1.055
217	133.76	1338 	1.060
218	133.44	1334 	1.064
219	133.12	1331 	1.069
220	132.81	1328 	1.074
221	132.49	1325 	1.079
222	132.17	1322 	1.084
223	131.86	1319 	1.089
224	131.55	1315 	1.094
225	131.24	1312 	1.099
226	130.93	1309 	1.104
227	130.62	1306 	1.108
228	130.31	1303 	1.113
229	130.00	1300 	1.118
230	129.70	1297 	1.123
231	129.39	1294 	1.128
232	129.09	1291 	1.133
233	128.79	1288 	1.138
234	128.49	1285 	1.143
235	128.19	1282 	1.147
236	127.89	1279 	1.152
237	127.60	1276 	1.157
238	127.30	1273 	1.162
239	127.01	1270 	1.167
240	126.71	1267 	1.172
241	126.42	1264 	1.177
242	126.13	1261 	1.182
243	125.84	1258 	1.187
244	125.55	1256 	1.191
245	125.26	1253 	1.196
246	124.98	1250 	1.201
247	124.69	1247 	1.206
248	124.40	1244 	1.211
249	124.12	1241 	1.216
250	123.84	1238 	1.221
251	123.56	1236 	1.226
252	123.27	1233 	1.230
253	122.99	1230 	1.235
254	122.72	1227 	1.240
255	122.44	1224 	1.245
256	122.16	1222 	1.250
257	121.88	1219 	1.255
258	121.61	1216 	1.260
259	121.34	1213 	1.265
260	121.06	1211 	1.270
261	120.79	1208 	1.274
262	120.52	1205 	1.279
263	120.25	1202 	1.284
264	119.98	1200 	1.289
265	119.71	1197 	1.294
266	119.44	1194 	1.299
267	119.17	1192 	1.304
268	118.91	1189 	1.309
269	118.64	1186 	1.313
270	118.38	1184 	1.318
271	118.11	1181 	1.323
272	117.85	1179 	1.328
273	117.59	1176 	1.333
274	117.33	1173 	1.338
275	117.07	1171 	1.343
276	116.81	1168 	1.348
277	116.55	1165 	1.353
278	116.29	1163 	1.357
279	116.03	1160 	1.362
280	115.78	1158 	1.367
281	115.52	1155 	1.372
282	115.27	1153 	1.377
283	115.01	1150 	1.382
284	114.76	1148 	1.387
285	114.51	1145 	1.392
286	114.25	1143 	1.396
287	114.00	1140 	1.401
288	113.75	1138 	1.406
289	113.50	1135 	1.411
290	113.25	1133 	1.416
291	113.01	1130 	1.421
292	112.76	1128 	1.426
293	112.51	1125 	1.431
294	112.26	1123 	1.436
295	112.02	1120 	1.440
296	111.77	1118 	1.445
297	111.53	1115 	1.450
298	111.29	1113 	1.455
299	111.04	1110 	1.460
300	110.80	1108 	1.465
301	110.56	1106 	1.470
302	110.32	1103 	1.475
303	110.08	1101 	1.479
304	109.84	1098 	1.484
305	109.60	1096 	1.489
306	109.36	1094 	1.494
307	109.12	1091 	1.499
308	108.89	1089 	1.504
309	108.65	1086 	1.509
310	108.41	1084 	1.514
311	108.18	1082 	1.519
312	107.94	1079 	1.523
313	107.71	1077 	1.528
314	107.47	1075 	1.533
315	107.24	1072 	1.538
316	107.01	1070 	1.543
317	106.78	1068 	1.548
318	106.55	1065 	1.553
319	106.31	1063 	1.558
320	106.08	1061 	1.563
321	105.85	1059 	1.567
322	105.63	1056 	1.572
323	105.40	1054 	1.577
324	105.17	1052 	1.582
325	104.94	1049 	1.587
326	104.71	1047 	1.592
327	104.49	1045 	1.597
328	104.26	1043 	1.602
329	104.04	1040 	1.606
330	103.81	1038 	1.611
331	103.59	1036 	1.616
332	103.36	1034 	1.621
333	103.14	1031 	1.626
334	102.92	1029 	1.631
335	102.69	1027 	1.636
336	102.47	1025 	1.641
337	102.25	1023 	1.646
338	102.03	1020 	1.650
339	101.81	1018 	1.655
340	101.59	1016 	1.660
341	101.37	1014 	1.665
342	101.15	1011 	1.670
343	100.93	1009 	1.675
344	100.71	1007 	1.680
345	100.50	1005 	1.685
346	100.28	1003 	1.689
347	100.06	1001 	1.694
348	99.84	998 	1.699
349	99.63	996 	1.704
350	99.41	994 	1.709
351	99.20	992 	1.714
352	98.98	990 	1.719
353	98.77	988 	1.724
354	98.56	986 	1.729
355	98.34	983 	1.733
356	98.13	981 	1.738
357	97.92	979 	1.743
358	97.71	977 	1.748
359	97.49	975 	1.753
360	97.28	973 	1.758
361	97.07	971 	1.763
362	96.86	969 	1.768
363	96.65	967 	1.772
364	96.44	964 	1.777
365	96.23	962 	1.782
366	96.02	960 	1.787
367	95.81	958 	1.792
368	95.61	956 	1.797
369	95.40	954 	1.802
370	95.19	952 	1.807
371	94.98	950 	1.812
372	94.78	948 	1.816
373	94.57	946 	1.821
374	94.37	944 	1.826
375	94.16	942 	1.831
376	93.95	940 	1.836
377	93.75	938 	1.841
378	93.55	935 	1.846
379	93.34	933 	1.851
380	93.14	931 	1.855
381	92.93	929 	1.860
382	92.73	927 	1.865
383	92.53	925 	1.870
384	92.33	923 	1.875
385	92.12	921 	1.880
386	91.92	919 	1.885
387	91.72	917 	1.890
388	91.52	915 	1.895
389	91.32	913 	1.899
390	91.12	911 	1.904
391	90.92	909 	1.909
392	90.72	907 	1.914
393	90.52	905 	1.919
394	90.32	903 	1.924
395	90.12	901 	1.929
396	89.92	899 	1.934
397	89.73	897 	1.938
398	89.53	895 	1.943
399	89.33	893 	1.948
400	89.13	891 	1.953
401	88.94	889 	1.958
402	88.74	887 	1.963
403	88.54	885 	1.968
404	88.35	883 	1.973
405	88.15	882 	1.978
406	87.95	880 	1.982
407	87.76	878 	1.987
408	87.56	876 	1.992
409	87.37	874 	1.997
410	87.18	872 	2.002
411	86.98	870 	2.007
412	86.79	868 	2.012
413	86.59	866 	2.017
414	86.40	864 	2.021
415	86.21	862 	2.026
416	86.01	860 	2.031
417	85.82	858 	2.036
418	85.63	856 	2.041
419	85.44	854 	2.046
420	85.25	852 	2.051
421	85.05	851 	2.056
422	84.86	849 	2.061
423	84.67	847 	2.065
424	84.48	845 	2.070
425	84.29	843 	2.075
426	84.10	841 	2.080
427	83.91	839 	2.085
428	83.72	837 	2.090
429	83.53	835 	2.095
430	83.34	833 	2.100
431	83.15	832 	2.104
432	82.96	830 	2.109
433	82.77	828 	2.114
434	82.59	826 	2.119
435	82.40	824 	2.124
436	82.21	822 	2.129
437	82.02	820 	2.134
438	81.83	818 	2.139
439	81.65	816 	2.144
440	81.46	815 	2.148
441	81.27	813 	2.153
442	81.09	811 	2.158
443	80.90	809 	2.163
444	80.71	807 	2.168
445	80.53	805 	2.173
446	80.34	803 	2.178
447	80.16	802 	2.183
448	79.97	800 	2.188
449	79.79	798 	2.192
450	79.60	796 	2.197
451	79.42	794 	2.202
452	79.23	792 	2.207
453	79.05	790 	2.212
454	78.86	789 	2.217
455	78.68	787 	2.222
456	78.49	785 	2.227
457	78.31	783 	2.231
458	78.13	781 	2.236
459	77.94	779 	2.241
460	77.76	778 	2.246
461	77.58	776 	2.251
462	77.39	774 	2.256
463	77.21	772 	2.261
464	77.03	770 	2.266
465	76.85	768 	2.271
466	76.66	767 	2.275
467	76.48	765 	2.280
468	76.30	763 	2.285
469	76.12	761 	2.290
470	75.94	759 	2.295
471	75.76	758 	2.300
472	75.57	756 	2.305
473	75.39	754 	2.310
474	75.21	752 	2.314
475	75.03	750 	2.319
476	74.85	749 	2.324
477	74.67	747 	2.329
478	74.49	745 	2.334
479	74.31	743 	2.339
480	74.13	741 	2.344
481	73.95	740 	2.349
482	73.77	738 	2.354
483	73.59	736 	2.358
484	73.41	734 	2.363
485	73.23	732 	2.368
486	73.05	731 	2.373
487	72.87	729 	2.378
488	72.70	727 	2.383
489	72.52	725 	2.388
490	72.34	723 	2.393
491	72.16	722 	2.397
492	71.98	720 	2.402
493	71.80	718 	2.407
494	71.63	716 	2.412
495	71.45	714 	2.417
496	71.27	713 	2.422
497	71.09	711 	2.427
498	70.91	709 	2.432
499	70.74	707 	2.437
500	70.56	706 	2.441
501	70.38	704 	2.446
502	70.21	702 	2.451
503	70.03	700 	2.456
504	69.85	699 	2.461
505	69.67	697 	2.466
506	69.50	695 	2.471
507	69.32	693 	2.476
508	69.15	691 	2.480
509	68.97	690 	2.485
510	68.79	688 	2.490
511	68.62	686 	2.495
512	68.44	684 	2.500
513	68.26	683 	2.505
514	68.09	681 	2.510
515	67.91	679 	2.515
516	67.74	677 	2.520
517	67.56	676 	2.524
518	67.39	674 	2.529
519	67.21	672 	2.534
520	67.04	670 	2.539
521	66.86	669 	2.544
522	66.68	667 	2.549
523	66.51	665 	2.554
524	66.33	663 	2.559
525	66.16	662 	2.563
526	65.98	660 	2.568
527	65.81	658 	2.573
528	65.64	656 	2.578
529	65.46	655 	2.583
530	65.29	653 	2.588
531	65.11	651 	2.593
532	64.94	649 	2.598
533	64.76	648 	2.603
534	64.59	646 	2.607
535	64.41	644 	2.612
536	64.24	642 	2.617
537	64.07	641 	2.622
538	63.89	639 	2.627
539	63.72	637 	2.632
540	63.54	635 	2.637
541	63.37	634 	2.642
542	63.20	632 	2.646
543	63.02	630 	2.651
544	62.85	628 	2.656
545	62.68	627 	2.661
546	62.50	625 	2.666
547	62.33	623 	2.671
548	62.16	622 	2.676
549	61.98	620 	2.681
550	61.81	618 	2.686
551	61.64	616 	2.690
552	61.46	615 	2.695
553	61.29	613 	2.700
554	61.12	611 	2.705
555	60.94	609 	2.710
556	60.77	608 	2.715
557	60.60	606 	2.720
558	60.42	604 	2.725
559	60.25	603 	2.729
560	60.08	601 	2.734
561	59.90	599 	2.739
562	59.73	597 	2.744
563	59.56	596 	2.749
564	59.39	594 	2.754
565	59.21	592 	2.759
566	59.04	590 	2.764
567	58.87	589 	2.769
568	58.70	587 	2.773
569	58.52	585 	2.778
570	58.35	583 	2.783
571	58.18	582 	2.788
572	58.00	580 	2.793
573	57.83	578 	2.798
574	57.66	577 	2.803
575	57.49	575 	2.808
576	57.31	573 	2.813
577	57.14	571 	2.817
578	56.97	570 	2.822
579	56.80	568 	2.827
580	56.62	566 	2.832
581	56.45	565 	2.837
582	56.28	563 	2.842
583	56.11	561 	2.847
584	55.93	559 	2.852
585	55.76	558 	2.856
586	55.59	556 	2.861
587	55.41	554 	2.866
588	55.24	552 	2.871
589	55.07	551 	2.876
590	54.90	549 	2.881
591	54.72	547 	2.886
592	54.55	546 	2.891
593	54.38	544 	2.896
594	54.21	542 	2.900
595	54.03	540 	2.905
596	53.86	539 	2.910
597	53.69	537 	2.915
598	53.52	535 	2.920
599	53.34	533 	2.925
600	53.17	532 	2.930
601	53.00	530 	2.935
602	52.82	528 	2.939
603	52.65	527 	2.944
604	52.48	525 	2.949
605	52.31	523 	2.954
606	52.13	521 	2.959
607	51.96	520 	2.964
608	51.79	518 	2.969
609	51.61	516 	2.974
610	51.44	514 	2.979
611	51.27	513 	2.983
612	51.09	511 	2.988
613	50.92	509 	2.993
614	50.75	507 	2.998
615	50.57	506 	3.003
616	50.40	504 	3.008
617	50.23	502 	3.013
618	50.05	501 	3.018
619	49.88	499 	3.022
620	49.71	497 	3.027
621	49.53	495 	3.032
622	49.36	494 	3.037
623	49.19	492 	3.042
624	49.01	490 	3.047
625	48.84	488 	3.052
626	48.66	487 	3.057
627	48.49	485 	3.062
628	48.32	483 	3.066
629	48.14	481 	3.071
630	47.97	480 	3.076
631	47.79	478 	3.081
632	47.62	476 	3.086
633	47.45	474 	3.091
634	47.27	473 	3.096
635	47.10	471 	3.101
636	46.92	469 	3.105
637	46.75	467 	3.110
638	46.57	466 	3.115
639	46.40	464 	3.120
640	46.22	462 	3.125
641	46.05	460 	3.130
642	45.87	459 	3.135
643	45.70	457 	3.140
644	45.52	455 	3.145
645	45.35	453 	3.149
646	45.17	452 	3.154
647	45.00	450 	3.159
648	44.82	448 	3.164
649	44.64	446 	3.169
650	44.47	445 	3.174
651	44.29	443 	3.179
652	44.12	441 	3.184
653	43.94	439 	3.188
654	43.76	438 	3.193
655	43.59	436 	3.198
656	43.41	434 	3.203
657	43.24	432 	3.208
658	43.06	431 	3.213
659	42.88	429 	3.218
660	42.71	427 	3.223
661	42.53	425 	3.228
662	42.35	424 	3.232
663	42.17	422 	3.237
664	42.00	420 	3.242
665	41.82	418 	3.247
666	41.64	416 	3.252
667	41.46	415 	3.257
668	41.29	413 	3.262
669	41.11	411 	3.267
670	40.93	409 	3.271
671	40.75	408 	3.276
672	40.57	406 	3.281
673	40.39	404 	3.286
674	40.22	402 	3.291
675	40.04	400 	3.296
676	39.86	399 	3.301
677	39.68	397 	3.306
678	39.50	395 	3.311
679	39.32	393 	3.315
680	39.14	391 	3.320
681	38.96	390 	3.325
682	38.78	388 	3.330
683	38.60	386 	3.335
684	38.42	384 	3.340
685	38.24	382 	3.345
686	38.06	381 	3.350
687	37.88	379 	3.354
688	37.70	377 	3.359
689	37.52	375 	3.364
690	37.34	373 	3.369
691	37.15	372 	3.374
692	36.97	370 	3.379
693	36.79	368 	3.384
694	36.61	366 	3.389
695	36.43	364 	3.394
696	36.24	362 	3.398
697	36.06	361 	3.403
698	35.88	359 	3.408
699	35.70	357 	3.413
700	35.51	355 	3.418
701	35.33	353 	3.423
702	35.15	351 	3.428
703	34.96	350 	3.433
704	34.78	348 	3.438
705	34.60	346 	3.442
706	34.41	344 	3.447
707	34.23	342 	3.452
708	34.04	340 	3.457
709	33.86	339 	3.462
710	33.67	337 	3.467
711	33.49	335 	3.472
712	33.30	333 	3.477
713	33.12	331 	3.481
714	32.93	329 	3.486
715	32.74	327 	3.491
716	32.56	326 	3.496
717	32.37	324 	3.501
718	32.18	322 	3.506
719	32.00	320 	3.511
720	31.81	318 	3.516
721	31.62	316 	3.521
722	31.43	314 	3.525
723	31.25	312 	3.530
724	31.06	311 	3.535
725	30.87	309 	3.540
726	30.68	307 	3.545
727	30.49	305 	3.550
728	30.30	303 	3.555
729	30.11	301 	3.560
730	29.92	299 	3.564
731	29.73	297 	3.569
732	29.54	295 	3.574
733	29.35	294 	3.579
734	29.16	292 	3.584
735	28.97	290 	3.589
736	28.78	288 	3.594
737	28.59	286 	3.599
738	28.39	284 	3.604
739	28.20	282 	3.608
740	28.01	280 	3.613
741	27.81	278 	3.618
742	27.62	276 	3.623
743	27.43	274 	3.628
744	27.23	272 	3.633
745	27.04	270 	3.638
746	26.85	268 	3.643
747	26.65	267 	3.647
748	26.46	265 	3.652
749	26.26	263 	3.657
750	26.06	261 	3.662
751	25.87	259 	3.667
752	25.67	257 	3.672
753	25.47	255 	3.677
754	25.28	253 	3.682
755	25.08	251 	3.687
756	24.88	249 	3.691
757	24.68	247 	3.696
758	24.49	245 	3.701
759	24.29	243 	3.706
760	24.09	241 	3.711
761	23.89	239 	3.716
762	23.69	237 	3.721
763	23.49	235 	3.726
764	23.29	233 	3.730
765	23.09	231 	3.735
766	22.88	229 	3.740
767	22.68	227 	3.745
768	22.48	225 	3.750
769	22.28	223 	3.755
770	22.07	221 	3.760
771	21.87	219 	3.765
772	21.67	217 	3.770
773	21.46	215 	3.774
774	21.26	213 	3.779
775	21.05	211 	3.784
776	20.85	208 	3.789
777	20.64	206 	3.794
778	20.43	204 	3.799
779	20.23	202 	3.804
780	20.02	200 	3.809
781	19.81	198 	3.813
782	19.61	196 	3.818
783	19.40	194 	3.823
784	19.19	192 	3.828
785	18.98	190 	3.833
786	18.77	188 	3.838
787	18.56	186 	3.843
788	18.35	183 	3.848
789	18.14	181 	3.853
790	17.92	179 	3.857
791	17.71	177 	3.862
792	17.50	175 	3.867
793	17.28	173 	3.872
794	17.07	171 	3.877
795	16.86	169 	3.882
796	16.64	166 	3.887
797	16.43	164 	3.892
798	16.21	162 	3.896
799	15.99	160 	3.901
800	15.78	158 	3.906
801	15.56	156 	3.911
802	15.34	153 	3.916
803	15.12	151 	3.921
804	14.90	149 	3.926
805	14.68	147 	3.931
806	14.46	145 	3.936
807	14.24	142 	3.940
808	14.02	140 	3.945
809	13.80	138 	3.950
810	13.58	136 	3.955
811	13.35	134 	3.960
812	13.13	131 	3.965
813	12.90	129 	3.970
814	12.68	127 	3.975
815	12.45	125 	3.979
816	12.23	122 	3.984
817	12.00	120 	3.989
818	11.77	118 	3.994
819	11.54	115 	3.999
820	11.31	113 	4.004
821	11.08	111 	4.009
822	10.85	109 	4.014
823	10.62	106 	4.019
824	10.39	104 	4.023
825	10.16	102 	4.028
826	9.93	99 	4.033
827	9.69	97 	4.038
828	9.46	95 	4.043
829	9.22	92 	4.048
830	8.99	90 	4.053
831	8.75	87 	4.058
832	8.51	85 	4.063
833	8.27	83 	4.067
834	8.03	80 	4.072
835	7.79	78 	4.077
836	7.55	76 	4.082
837	7.31	73 	4.087
838	7.07	71 	4.092
839	6.83	68 	4.097
840	6.58	66 	4.102
841	6.34	63 	4.106
842	6.09	61 	4.111
843	5.84	58 	4.116
844	5.60	56 	4.121
845	5.35	53 	4.126
846	5.10	51 	4.131
847	4.85	48 	4.136
848	4.60	46 	4.141
849	4.35	43 	4.146
850	4.09	41 	4.150
851	3.84	38 	4.155
852	3.59	36 	4.160
853	3.33	33 	4.165
854	3.07	31 	4.170
855	2.82	28 	4.175
856	2.56	26 	4.180
857	2.30	23 	4.185
858	2.04	20 	4.189
859	1.77	18 	4.194
860	1.51	15 	4.199
861	1.25	12 	4.204
862	0.98	10 	4.209
863	0.72	7 	4.214
864	0.45	4 	4.219
865	0.18	2 	4.224
866	-0.09	-1 	4.229
867	-0.36	-4 	4.233
868	-0.63	-6 	4.238
869	-0.90	-9 	4.243
870	-1.18	-12 	4.248
871	-1.45	-15 	4.253
872	-1.73	-17 	4.258
873	-2.01	-20 	4.263
874	-2.29	-23 	4.268
875	-2.57	-26 	4.272
876	-2.85	-28 	4.277
877	-3.13	-31 	4.282
878	-3.42	-34 	4.287
879	-3.70	-37 	4.292
880	-3.99	-40 	4.297
881	-4.28	-43 	4.302
882	-4.57	-46 	4.307
883	-4.86	-49 	4.312
884	-5.15	-52 	4.316
885	-5.45	-54 	4.321
886	-5.74	-57 	4.326
887	-6.04	-60 	4.331
888	-6.34	-63 	4.336
889	-6.64	-66 	4.341
890	-6.94	-69 	4.346
891	-7.25	-72 	4.351
892	-7.55	-76 	4.355
893	-7.86	-79 	4.360
894	-8.17	-82 	4.365
895	-8.48	-85 	4.370
896	-8.79	-88 	4.375
897	-9.10	-91 	4.380
898	-9.42	-94 	4.385
899	-9.74	-97 	4.390
900	-10.06	-101 	4.395
901	-10.38	-104 	4.399
902	-10.70	-107 	4.404
903	-11.03	-110 	4.409
904	-11.35	-114 	4.414
905	-11.68	-117 	4.419
906	-12.01	-120 	4.424
907	-12.35	-123 	4.429
908	-12.68	-127 	4.434
909	-13.02	-130 	4.438
910	-13.36	-134 	4.443
911	-13.70	-137 	4.448
912	-14.05	-140 	4.453
913	-14.39	-144 	4.458
914	-14.74	-147 	4.463
915	-15.09	-151 	4.468
916	-15.45	-154 	4.473
917	-15.80	-158 	4.478
918	-16.16	-162 	4.482
919	-16.53	-165 	4.487
920	-16.89	-169 	4.492
921	-17.26	-173 	4.497
922	-17.63	-176 	4.502
923	-18.00	-180 	4.507
924	-18.37	-184 	4.512
925	-18.75	-188 	4.517
926	-19.13	-191 	4.521
927	-19.52	-195 	4.526
928	-19.90	-199 	4.531
929	-20.29	-203 	4.536
930	-20.69	-207 	4.541
931	-21.08	-211 	4.546
932	-21.48	-215 	4.551
933	-21.89	-219 	4.556
934	-22.29	-223 	4.561
935	-22.70	-227 	4.565
936	-23.12	-231 	4.570
937	-23.54	-235 	4.575
938	-23.96	-240 	4.580
939	-24.38	-244 	4.585
940	-24.81	-248 	4.590
941	-25.25	-252 	4.595
942	-25.68	-257 	4.600
943	-26.13	-261 	4.604
944	-26.57	-266 	4.609
945	-27.02	-270 	4.614
946	-27.48	-275 	4.619
947	-27.94	-279 	4.624
948	-28.40	-284 	4.629
949	-28.87	-289 	4.634
950	-29.35	-293 	4.639
951	-29.83	-298 	4.644
952	-30.32	-303 	4.648
953	-30.81	-308 	4.653
954	-31.30	-313 	4.658
955	-31.81	-318 	4.663
956	-32.31	-323 	4.668
957	-32.83	-328 	4.673
958	-33.35	-334 	4.678
959	-33.88	-339 	4.683
960	-34.41	-344 	4.688
961	-34.95	-350 	4.692
962	-35.50	-355 	4.697
963	-36.06	-361 	4.702
964	-36.62	-366 	4.707
965	-37.19	-372 	4.712
966	-37.77	-378 	4.717
967	-38.36	-384 	4.722
968	-38.96	-390 	4.727
969	-39.56	-396 	4.731
970	70.00	700 	4.736
971	70.00	700 	4.741
972	70.00	700 	4.746
973	70.00	700 	4.751
974	70.00	700 	4.756
975	70.00	700 	4.761
976	70.00	700 	4.766
977	70.00	700 	4.771
978	70.00	700 	4.775
979	70.00	700 	4.780
980	70.00	700 	4.785
981	70.00	700 	4.790
982	70.00	700 	4.795
983	70.00	700 	4.800
984	70.00	700 	4.805
985	70.00	700 	4.810
986	70.00	700 	4.814
987	70.00	700 	4.819
988	70.00	700 	4.824
989	70.00	700 	4.829
990	70.00	700 	4.834
991	70.00	700 	4.839
992	70.00	700 	4.844
993	70.00	700 	4.849
994	70.00	700 	4.854
995	70.00	700 	4.858
996	70.00	700 	4.863
997	70.00	700 	4.868
998	70.00	700 	4.873
999	70.00	700 	4.878
1000	70.00	700 	4.883
1001	70.00	700 	4.888
1002	70.00	700 	4.893
1003	70.00	700 	4.897
1004	70.00	700 	4.902
1005	70.00	700 	4.907
1006	70.00	700 	4.912
1007	70.00	700 	4.917
1008	70.00	700 	4.922
1009	70.00	700 	4.927
1010	70.00	700 	4.932
1011	70.00	700 	4.937
1012	70.00	700 	4.941
1013	70.00	700 	4.946
1014	70.00	700 	4.951
1015	70.00	700 	4.956
1016	70.00	700 	4.961
1017	70.00	700 	4.966
1018	70.00	700 	4.971
1019	70.00	700 	4.976
1020	70.00	700 	4.980
1021	70.00	700 	4.985
1022	70.00	700 	4.990
1023	70.00	700 	4.995
